{"E:\\Proects\\stireTS\\backEnd\\src\\app.ts": {"path":"E:\\Proects\\stireTS\\backEnd\\src\\app.ts","statementMap":{"0":{"start":{"line":1,"column":0},"end":{"line":1,"column":43}},"1":{"start":{"line":5,"column":0},"end":{"line":5,"column":47}},"2":{"start":{"line":6,"column":0},"end":{"line":6,"column":26}},"3":{"start":{"line":7,"column":0},"end":{"line":7,"column":32}},"4":{"start":{"line":8,"column":0},"end":{"line":8,"column":56}},"5":{"start":{"line":9,"column":0},"end":{"line":9,"column":35}},"6":{"start":{"line":10,"column":0},"end":{"line":10,"column":58}},"7":{"start":{"line":13,"column":0},"end":{"line":13,"column":58}},"8":{"start":{"line":15,"column":7},"end":{"line":52,"column":null}},"9":{"start":{"line":20,"column":39},"end":{"line":20,"column":54}},"10":{"start":{"line":21,"column":41},"end":{"line":21,"column":68}},"11":{"start":{"line":22,"column":40},"end":{"line":22,"column":56}},"12":{"start":{"line":23,"column":39},"end":{"line":23,"column":68}},"13":{"start":{"line":24,"column":39},"end":{"line":24,"column":54}},"14":{"start":{"line":25,"column":40},"end":{"line":25,"column":71}},"15":{"start":{"line":27,"column":2},"end":{"line":27,"column":23}},"16":{"start":{"line":28,"column":2},"end":{"line":28,"column":19}},"17":{"start":{"line":31,"column":2},"end":{"line":31,"column":58}},"18":{"start":{"line":34,"column":2},"end":{"line":34,"column":23}},"19":{"start":{"line":35,"column":25},"end":{"line":35,"column":77}},"20":{"start":{"line":36,"column":2},"end":{"line":36,"column":60}},"21":{"start":{"line":39,"column":2},"end":{"line":39,"column":53}},"22":{"start":{"line":42,"column":2},"end":{"line":42,"column":24}},"23":{"start":{"line":43,"column":2},"end":{"line":43,"column":19}},"24":{"start":{"line":44,"column":2},"end":{"line":44,"column":28}},"25":{"start":{"line":45,"column":2},"end":{"line":45,"column":37}},"26":{"start":{"line":46,"column":2},"end":{"line":46,"column":43}},"27":{"start":{"line":47,"column":2},"end":{"line":47,"column":68}},"28":{"start":{"line":50,"column":2},"end":{"line":50,"column":22}},"29":{"start":{"line":15,"column":13},"end":{"line":52,"column":null}},"30":{"start":{"line":15,"column":13},"end":{"line":15,"column":16}}},"fnMap":{"0":{"name":"(anonymous_12)","decl":{"start":{"line":19,"column":1},"end":{"line":19,"column":null}},"loc":{"start":{"line":25,"column":71},"end":{"line":29,"column":2}}},"1":{"name":"(anonymous_13)","decl":{"start":{"line":30,"column":8},"end":{"line":30,"column":26}},"loc":{"start":{"line":30,"column":26},"end":{"line":32,"column":2}}},"2":{"name":"(anonymous_14)","decl":{"start":{"line":33,"column":8},"end":{"line":33,"column":22}},"loc":{"start":{"line":33,"column":22},"end":{"line":37,"column":2}}},"3":{"name":"(anonymous_15)","decl":{"start":{"line":38,"column":8},"end":{"line":38,"column":17}},"loc":{"start":{"line":38,"column":17},"end":{"line":40,"column":2}}},"4":{"name":"(anonymous_16)","decl":{"start":{"line":41,"column":14},"end":{"line":41,"column":18}},"loc":{"start":{"line":41,"column":18},"end":{"line":48,"column":null}}},"5":{"name":"(anonymous_18)","decl":{"start":{"line":49,"column":14},"end":{"line":49,"column":19}},"loc":{"start":{"line":49,"column":19},"end":{"line":51,"column":null}}}},"branchMap":{},"s":{"0":1,"1":1,"2":1,"3":1,"4":1,"5":1,"6":1,"7":1,"8":1,"9":1,"10":1,"11":1,"12":1,"13":1,"14":1,"15":1,"16":1,"17":1,"18":1,"19":1,"20":1,"21":1,"22":1,"23":1,"24":1,"25":1,"26":1,"27":1,"28":0,"29":1,"30":1},"f":{"0":1,"1":1,"2":1,"3":1,"4":1,"5":0},"b":{}}
,"E:\\Proects\\stireTS\\backEnd\\src\\main.ts": {"path":"E:\\Proects\\stireTS\\backEnd\\src\\main.ts","statementMap":{"0":{"start":{"line":1,"column":0},"end":{"line":1,"column":28}},"1":{"start":{"line":2,"column":0},"end":{"line":2,"column":48}},"2":{"start":{"line":3,"column":0},"end":{"line":3,"column":59}},"3":{"start":{"line":4,"column":0},"end":{"line":4,"column":67}},"4":{"start":{"line":6,"column":0},"end":{"line":6,"column":32}},"5":{"start":{"line":9,"column":0},"end":{"line":9,"column":56}},"6":{"start":{"line":11,"column":0},"end":{"line":11,"column":50}},"7":{"start":{"line":12,"column":0},"end":{"line":12,"column":56}},"8":{"start":{"line":14,"column":0},"end":{"line":14,"column":58}},"9":{"start":{"line":16,"column":0},"end":{"line":16,"column":56}},"10":{"start":{"line":18,"column":28},"end":{"line":27,"column":2}},"11":{"start":{"line":19,"column":1},"end":{"line":19,"column":73}},"12":{"start":{"line":20,"column":1},"end":{"line":20,"column":86}},"13":{"start":{"line":21,"column":1},"end":{"line":21,"column":83}},"14":{"start":{"line":22,"column":1},"end":{"line":22,"column":73}},"15":{"start":{"line":23,"column":1},"end":{"line":23,"column":80}},"16":{"start":{"line":24,"column":1},"end":{"line":24,"column":79}},"17":{"start":{"line":25,"column":1},"end":{"line":25,"column":83}},"18":{"start":{"line":26,"column":1},"end":{"line":26,"column":57}},"19":{"start":{"line":30,"column":22},"end":{"line":30,"column":37}},"20":{"start":{"line":31,"column":1},"end":{"line":31,"column":40}},"21":{"start":{"line":32,"column":13},"end":{"line":32,"column":53}},"22":{"start":{"line":33,"column":1},"end":{"line":33,"column":18}},"23":{"start":{"line":34,"column":1},"end":{"line":34,"column":30}},"24":{"start":{"line":36,"column":13},"end":{"line":36,"column":32}}},"fnMap":{"0":{"name":"(anonymous_7)","decl":{"start":{"line":18,"column":48},"end":{"line":18,"column":49}},"loc":{"start":{"line":18,"column":74},"end":{"line":27,"column":1}}},"1":{"name":"bootstrap","decl":{"start":{"line":29,"column":15},"end":{"line":29,"column":24}},"loc":{"start":{"line":29,"column":24},"end":{"line":35,"column":null}}}},"branchMap":{},"s":{"0":1,"1":1,"2":1,"3":1,"4":1,"5":1,"6":1,"7":1,"8":1,"9":1,"10":1,"11":1,"12":1,"13":1,"14":1,"15":1,"16":1,"17":1,"18":1,"19":1,"20":1,"21":1,"22":1,"23":1,"24":1},"f":{"0":1,"1":1},"b":{}}
,"E:\\Proects\\stireTS\\backEnd\\src\\types.ts": {"path":"E:\\Proects\\stireTS\\backEnd\\src\\types.ts","statementMap":{"0":{"start":{"line":1,"column":13},"end":{"line":10,"column":2}}},"fnMap":{},"branchMap":{},"s":{"0":1},"f":{},"b":{}}
,"E:\\Proects\\stireTS\\backEnd\\src\\common\\Auth.guard.ts": {"path":"E:\\Proects\\stireTS\\backEnd\\src\\common\\Auth.guard.ts","statementMap":{"0":{"start":{"line":6,"column":2},"end":{"line":8,"column":null}},"1":{"start":{"line":7,"column":3},"end":{"line":7,"column":17}},"2":{"start":{"line":9,"column":2},"end":{"line":9,"column":56}},"3":{"start":{"line":4,"column":0},"end":{"line":4,"column":13}}},"fnMap":{"0":{"name":"(anonymous_0)","decl":{"start":{"line":5,"column":1},"end":{"line":5,"column":8}},"loc":{"start":{"line":5,"column":56},"end":{"line":10,"column":2}}}},"branchMap":{"0":{"loc":{"start":{"line":6,"column":2},"end":{"line":8,"column":null}},"type":"if","locations":[{"start":{"line":6,"column":2},"end":{"line":8,"column":null}}]}},"s":{"0":1,"1":1,"2":0,"3":1},"f":{"0":1},"b":{"0":[1]}}
,"E:\\Proects\\stireTS\\backEnd\\src\\common\\auth.middleware.ts": {"path":"E:\\Proects\\stireTS\\backEnd\\src\\common\\auth.middleware.ts","statementMap":{"0":{"start":{"line":3,"column":0},"end":{"line":3,"column":38}},"1":{"start":{"line":9,"column":21},"end":{"line":9,"column":35}},"2":{"start":{"line":11,"column":2},"end":{"line":22,"column":16}},"3":{"start":{"line":12,"column":3},"end":{"line":21,"column":null}},"4":{"start":{"line":13,"column":22},"end":{"line":15,"column":null}},"5":{"start":{"line":17,"column":4},"end":{"line":17,"column":32}},"6":{"start":{"line":18,"column":4},"end":{"line":18,"column":11}},"7":{"start":{"line":20,"column":4},"end":{"line":20,"column":11}},"8":{"start":{"line":22,"column":9},"end":{"line":22,"column":16}},"9":{"start":{"line":8,"column":0},"end":{"line":8,"column":13}}},"fnMap":{"0":{"name":"(anonymous_0)","decl":{"start":{"line":9,"column":1},"end":{"line":9,"column":21}},"loc":{"start":{"line":9,"column":35},"end":{"line":9,"column":39}}},"1":{"name":"(anonymous_1)","decl":{"start":{"line":10,"column":1},"end":{"line":10,"column":8}},"loc":{"start":{"line":10,"column":56},"end":{"line":23,"column":2}}}},"branchMap":{"0":{"loc":{"start":{"line":11,"column":2},"end":{"line":22,"column":16}},"type":"if","locations":[{"start":{"line":11,"column":2},"end":{"line":22,"column":16}},{"start":{"line":22,"column":9},"end":{"line":22,"column":16}}]}},"s":{"0":1,"1":1,"2":5,"3":1,"4":1,"5":1,"6":1,"7":0,"8":4,"9":1},"f":{"0":1,"1":5},"b":{"0":[1,4]}}
,"E:\\Proects\\stireTS\\backEnd\\src\\common\\base.controller.ts": {"path":"E:\\Proects\\stireTS\\backEnd\\src\\common\\base.controller.ts","statementMap":{"0":{"start":{"line":1,"column":0},"end":{"line":1,"column":43}},"1":{"start":{"line":4,"column":0},"end":{"line":4,"column":47}},"2":{"start":{"line":5,"column":0},"end":{"line":5,"column":33}},"3":{"start":{"line":7,"column":7},"end":{"line":32,"column":null}},"4":{"start":{"line":9,"column":50},"end":{"line":9,"column":65}},"5":{"start":{"line":10,"column":2},"end":{"line":10,"column":26}},"6":{"start":{"line":13,"column":2},"end":{"line":13,"column":22}},"7":{"start":{"line":16,"column":2},"end":{"line":16,"column":31}},"8":{"start":{"line":17,"column":2},"end":{"line":17,"column":36}},"9":{"start":{"line":20,"column":2},"end":{"line":20,"column":31}},"10":{"start":{"line":21,"column":2},"end":{"line":21,"column":34}},"11":{"start":{"line":24,"column":2},"end":{"line":30,"column":null}},"12":{"start":{"line":25,"column":3},"end":{"line":25,"column":53}},"13":{"start":{"line":26,"column":23},"end":{"line":26,"column":71}},"14":{"start":{"line":26,"column":53},"end":{"line":26,"column":70}},"15":{"start":{"line":27,"column":19},"end":{"line":27,"column":40}},"16":{"start":{"line":28,"column":20},"end":{"line":28,"column":69}},"17":{"start":{"line":29,"column":3},"end":{"line":29,"column":51}},"18":{"start":{"line":7,"column":22},"end":{"line":32,"column":null}},"19":{"start":{"line":7,"column":22},"end":{"line":7,"column":36}}},"fnMap":{"0":{"name":"(anonymous_4)","decl":{"start":{"line":9,"column":1},"end":{"line":9,"column":14}},"loc":{"start":{"line":9,"column":65},"end":{"line":11,"column":2}}},"1":{"name":"(anonymous_5)","decl":{"start":{"line":12,"column":1},"end":{"line":12,"column":5}},"loc":{"start":{"line":12,"column":11},"end":{"line":14,"column":2}}},"2":{"name":"(anonymous_6)","decl":{"start":{"line":15,"column":8},"end":{"line":15,"column":12}},"loc":{"start":{"line":15,"column":51},"end":{"line":18,"column":2}}},"3":{"name":"(anonymous_7)","decl":{"start":{"line":19,"column":8},"end":{"line":19,"column":10}},"loc":{"start":{"line":19,"column":35},"end":{"line":22,"column":2}}},"4":{"name":"(anonymous_8)","decl":{"start":{"line":23,"column":8},"end":{"line":23,"column":18}},"loc":{"start":{"line":23,"column":35},"end":{"line":31,"column":2}}},"5":{"name":"(anonymous_9)","decl":{"start":{"line":26,"column":46},"end":{"line":26,"column":47}},"loc":{"start":{"line":26,"column":53},"end":{"line":26,"column":70}}}},"branchMap":{"0":{"loc":{"start":{"line":26,"column":23},"end":{"line":26,"column":71}},"type":"cond-expr","locations":[{"start":{"line":26,"column":40},"end":{"line":26,"column":42}},{"start":{"line":26,"column":40},"end":{"line":26,"column":71}}]},"1":{"loc":{"start":{"line":26,"column":23},"end":{"line":26,"column":42}},"type":"binary-expr","locations":[{"start":{"line":26,"column":23},"end":{"line":26,"column":42}},{"start":{"line":26,"column":40},"end":{"line":26,"column":42}}]},"2":{"loc":{"start":{"line":28,"column":20},"end":{"line":28,"column":69}},"type":"cond-expr","locations":[{"start":{"line":28,"column":34},"end":{"line":28,"column":59}},{"start":{"line":28,"column":62},"end":{"line":28,"column":69}}]}},"s":{"0":1,"1":1,"2":1,"3":1,"4":1,"5":1,"6":4,"7":3,"8":3,"9":3,"10":3,"11":1,"12":3,"13":3,"14":3,"15":3,"16":3,"17":3,"18":1,"19":1},"f":{"0":1,"1":4,"2":3,"3":3,"4":1,"5":3},"b":{"0":[0,3],"1":[3,3],"2":[3,0]}}
,"E:\\Proects\\stireTS\\backEnd\\src\\common\\validate.middleware.ts": {"path":"E:\\Proects\\stireTS\\backEnd\\src\\common\\validate.middleware.ts","statementMap":{"0":{"start":{"line":1,"column":0},"end":{"line":1,"column":67}},"1":{"start":{"line":3,"column":0},"end":{"line":3,"column":43}},"2":{"start":{"line":6,"column":21},"end":{"line":6,"column":62}},"3":{"start":{"line":8,"column":19},"end":{"line":8,"column":59}},"4":{"start":{"line":9,"column":2},"end":{"line":15,"column":5}},"5":{"start":{"line":10,"column":3},"end":{"line":14,"column":null}},"6":{"start":{"line":11,"column":4},"end":{"line":11,"column":33}},"7":{"start":{"line":13,"column":4},"end":{"line":13,"column":11}},"8":{"start":{"line":5,"column":0},"end":{"line":5,"column":13}}},"fnMap":{"0":{"name":"(anonymous_0)","decl":{"start":{"line":6,"column":1},"end":{"line":6,"column":21}},"loc":{"start":{"line":6,"column":62},"end":{"line":6,"column":66}}},"1":{"name":"(anonymous_1)","decl":{"start":{"line":7,"column":1},"end":{"line":7,"column":8}},"loc":{"start":{"line":7,"column":61},"end":{"line":16,"column":2}}},"2":{"name":"(anonymous_2)","decl":{"start":{"line":9,"column":26},"end":{"line":9,"column":27}},"loc":{"start":{"line":9,"column":37},"end":{"line":15,"column":3}}}},"branchMap":{"0":{"loc":{"start":{"line":10,"column":3},"end":{"line":14,"column":null}},"type":"if","locations":[{"start":{"line":10,"column":3},"end":{"line":14,"column":null}},{"start":{"line":12,"column":10},"end":{"line":14,"column":null}}]}},"s":{"0":1,"1":1,"2":2,"3":4,"4":4,"5":4,"6":1,"7":3,"8":1},"f":{"0":2,"1":4,"2":4},"b":{"0":[1,3]}}
,"E:\\Proects\\stireTS\\backEnd\\src\\config\\config.service.ts": {"path":"E:\\Proects\\stireTS\\backEnd\\src\\config\\config.service.ts","statementMap":{"0":{"start":{"line":1,"column":0},"end":{"line":1,"column":47}},"1":{"start":{"line":2,"column":0},"end":{"line":2,"column":33}},"2":{"start":{"line":4,"column":0},"end":{"line":4,"column":71}},"3":{"start":{"line":6,"column":7},"end":{"line":19,"column":null}},"4":{"start":{"line":8,"column":50},"end":{"line":8,"column":72}},"5":{"start":{"line":9,"column":37},"end":{"line":9,"column":45}},"6":{"start":{"line":10,"column":2},"end":{"line":14,"column":null}},"7":{"start":{"line":11,"column":3},"end":{"line":11,"column":52}},"8":{"start":{"line":13,"column":3},"end":{"line":13,"column":53}},"9":{"start":{"line":17,"column":2},"end":{"line":17,"column":27}},"10":{"start":{"line":6,"column":13},"end":{"line":19,"column":null}},"11":{"start":{"line":6,"column":13},"end":{"line":6,"column":26}}},"fnMap":{"0":{"name":"(anonymous_4)","decl":{"start":{"line":8,"column":1},"end":{"line":8,"column":14}},"loc":{"start":{"line":8,"column":72},"end":{"line":15,"column":2}}},"1":{"name":"(anonymous_5)","decl":{"start":{"line":16,"column":1},"end":{"line":16,"column":4}},"loc":{"start":{"line":16,"column":19},"end":{"line":18,"column":2}}}},"branchMap":{"0":{"loc":{"start":{"line":10,"column":2},"end":{"line":14,"column":null}},"type":"if","locations":[{"start":{"line":10,"column":2},"end":{"line":14,"column":null}},{"start":{"line":12,"column":9},"end":{"line":14,"column":null}}]}},"s":{"0":1,"1":1,"2":1,"3":1,"4":1,"5":1,"6":1,"7":0,"8":1,"9":3,"10":1,"11":1},"f":{"0":1,"1":3},"b":{"0":[0,1]}}
,"E:\\Proects\\stireTS\\backEnd\\src\\database\\prisma.service.ts": {"path":"E:\\Proects\\stireTS\\backEnd\\src\\database\\prisma.service.ts","statementMap":{"0":{"start":{"line":2,"column":0},"end":{"line":2,"column":33}},"1":{"start":{"line":3,"column":0},"end":{"line":3,"column":47}},"2":{"start":{"line":4,"column":0},"end":{"line":4,"column":46}},"3":{"start":{"line":6,"column":7},"end":{"line":24,"column":null}},"4":{"start":{"line":8,"column":50},"end":{"line":8,"column":72}},"5":{"start":{"line":9,"column":2},"end":{"line":9,"column":35}},"6":{"start":{"line":12,"column":2},"end":{"line":19,"column":null}},"7":{"start":{"line":13,"column":3},"end":{"line":13,"column":32}},"8":{"start":{"line":14,"column":3},"end":{"line":14,"column":69}},"9":{"start":{"line":16,"column":3},"end":{"line":18,"column":null}},"10":{"start":{"line":17,"column":4},"end":{"line":17,"column":68}},"11":{"start":{"line":22,"column":2},"end":{"line":22,"column":34}},"12":{"start":{"line":6,"column":13},"end":{"line":24,"column":null}},"13":{"start":{"line":6,"column":13},"end":{"line":6,"column":26}}},"fnMap":{"0":{"name":"(anonymous_11)","decl":{"start":{"line":8,"column":1},"end":{"line":8,"column":14}},"loc":{"start":{"line":8,"column":72},"end":{"line":10,"column":2}}},"1":{"name":"(anonymous_12)","decl":{"start":{"line":11,"column":14},"end":{"line":11,"column":21}},"loc":{"start":{"line":11,"column":21},"end":{"line":20,"column":null}}},"2":{"name":"(anonymous_14)","decl":{"start":{"line":21,"column":14},"end":{"line":21,"column":24}},"loc":{"start":{"line":21,"column":24},"end":{"line":23,"column":null}}}},"branchMap":{"0":{"loc":{"start":{"line":16,"column":3},"end":{"line":18,"column":null}},"type":"if","locations":[{"start":{"line":16,"column":3},"end":{"line":18,"column":null}}]}},"s":{"0":1,"1":1,"2":1,"3":1,"4":1,"5":1,"6":1,"7":1,"8":1,"9":0,"10":0,"11":0,"12":1,"13":1},"f":{"0":1,"1":1,"2":0},"b":{"0":[0]}}
,"E:\\Proects\\stireTS\\backEnd\\src\\errors\\exeption.filtes.ts": {"path":"E:\\Proects\\stireTS\\backEnd\\src\\errors\\exeption.filtes.ts","statementMap":{"0":{"start":{"line":3,"column":0},"end":{"line":3,"column":41}},"1":{"start":{"line":5,"column":0},"end":{"line":5,"column":26}},"2":{"start":{"line":6,"column":0},"end":{"line":6,"column":47}},"3":{"start":{"line":7,"column":0},"end":{"line":7,"column":33}},"4":{"start":{"line":9,"column":7},"end":{"line":20,"column":null}},"5":{"start":{"line":10,"column":50},"end":{"line":10,"column":65}},"6":{"start":{"line":12,"column":2},"end":{"line":18,"column":null}},"7":{"start":{"line":13,"column":3},"end":{"line":13,"column":34}},"8":{"start":{"line":14,"column":3},"end":{"line":14,"column":59}},"9":{"start":{"line":16,"column":3},"end":{"line":16,"column":34}},"10":{"start":{"line":17,"column":3},"end":{"line":17,"column":48}},"11":{"start":{"line":9,"column":13},"end":{"line":20,"column":null}},"12":{"start":{"line":9,"column":13},"end":{"line":9,"column":28}}},"fnMap":{"0":{"name":"(anonymous_4)","decl":{"start":{"line":10,"column":1},"end":{"line":10,"column":14}},"loc":{"start":{"line":10,"column":65},"end":{"line":10,"column":69}}},"1":{"name":"(anonymous_5)","decl":{"start":{"line":11,"column":1},"end":{"line":11,"column":6}},"loc":{"start":{"line":11,"column":78},"end":{"line":19,"column":2}}}},"branchMap":{"0":{"loc":{"start":{"line":12,"column":2},"end":{"line":18,"column":null}},"type":"if","locations":[{"start":{"line":12,"column":2},"end":{"line":18,"column":null}},{"start":{"line":15,"column":9},"end":{"line":18,"column":null}}]}},"s":{"0":1,"1":1,"2":1,"3":1,"4":1,"5":1,"6":1,"7":1,"8":1,"9":0,"10":0,"11":1,"12":1},"f":{"0":1,"1":1},"b":{"0":[1,0]}}
,"E:\\Proects\\stireTS\\backEnd\\src\\errors\\http-error.ts": {"path":"E:\\Proects\\stireTS\\backEnd\\src\\errors\\http-error.ts","statementMap":{"0":{"start":{"line":5,"column":2},"end":{"line":5,"column":17}},"1":{"start":{"line":6,"column":2},"end":{"line":6,"column":31}},"2":{"start":{"line":7,"column":2},"end":{"line":7,"column":25}},"3":{"start":{"line":1,"column":0},"end":{"line":1,"column":13}}},"fnMap":{"0":{"name":"(anonymous_0)","decl":{"start":{"line":4,"column":1},"end":{"line":4,"column":13}},"loc":{"start":{"line":4,"column":66},"end":{"line":8,"column":2}}}},"branchMap":{},"s":{"0":1,"1":1,"2":1,"3":1},"f":{"0":1},"b":{}}
,"E:\\Proects\\stireTS\\backEnd\\src\\logger\\Logger.ts": {"path":"E:\\Proects\\stireTS\\backEnd\\src\\logger\\Logger.ts","statementMap":{"0":{"start":{"line":1,"column":0},"end":{"line":1,"column":31}},"1":{"start":{"line":3,"column":0},"end":{"line":3,"column":26}},"2":{"start":{"line":4,"column":0},"end":{"line":4,"column":39}},"3":{"start":{"line":6,"column":7},"end":{"line":25,"column":null}},"4":{"start":{"line":9,"column":2},"end":{"line":14,"column":5}},"5":{"start":{"line":17,"column":2},"end":{"line":17,"column":28}},"6":{"start":{"line":20,"column":2},"end":{"line":20,"column":28}},"7":{"start":{"line":23,"column":2},"end":{"line":23,"column":29}},"8":{"start":{"line":6,"column":13},"end":{"line":25,"column":null}},"9":{"start":{"line":6,"column":13},"end":{"line":6,"column":26}}},"fnMap":{"0":{"name":"(anonymous_2)","decl":{"start":{"line":8,"column":1},"end":{"line":8,"column":null}},"loc":{"start":{"line":8,"column":1},"end":{"line":15,"column":2}}},"1":{"name":"(anonymous_3)","decl":{"start":{"line":16,"column":1},"end":{"line":16,"column":4}},"loc":{"start":{"line":16,"column":23},"end":{"line":18,"column":2}}},"2":{"name":"(anonymous_4)","decl":{"start":{"line":19,"column":1},"end":{"line":19,"column":5}},"loc":{"start":{"line":19,"column":24},"end":{"line":21,"column":2}}},"3":{"name":"(anonymous_5)","decl":{"start":{"line":22,"column":1},"end":{"line":22,"column":6}},"loc":{"start":{"line":22,"column":25},"end":{"line":24,"column":2}}}},"branchMap":{},"s":{"0":1,"1":1,"2":1,"3":1,"4":1,"5":5,"6":0,"7":1,"8":1,"9":1},"f":{"0":1,"1":5,"2":0,"3":1},"b":{}}
,"E:\\Proects\\stireTS\\backEnd\\src\\user\\user.controller.ts": {"path":"E:\\Proects\\stireTS\\backEnd\\src\\user\\user.controller.ts","statementMap":{"0":{"start":{"line":1,"column":0},"end":{"line":1,"column":59}},"1":{"start":{"line":4,"column":0},"end":{"line":4,"column":47}},"2":{"start":{"line":5,"column":0},"end":{"line":5,"column":26}},"3":{"start":{"line":7,"column":0},"end":{"line":7,"column":33}},"4":{"start":{"line":8,"column":0},"end":{"line":8,"column":52}},"5":{"start":{"line":9,"column":0},"end":{"line":9,"column":58}},"6":{"start":{"line":10,"column":0},"end":{"line":10,"column":45}},"7":{"start":{"line":11,"column":0},"end":{"line":11,"column":49}},"8":{"start":{"line":12,"column":0},"end":{"line":12,"column":67}},"9":{"start":{"line":14,"column":0},"end":{"line":14,"column":36}},"10":{"start":{"line":17,"column":0},"end":{"line":17,"column":49}},"11":{"start":{"line":20,"column":7},"end":{"line":95,"column":null}},"12":{"start":{"line":26,"column":2},"end":{"line":26,"column":23}},"13":{"start":{"line":22,"column":39},"end":{"line":22,"column":61}},"14":{"start":{"line":23,"column":37},"end":{"line":23,"column":50}},"15":{"start":{"line":24,"column":39},"end":{"line":24,"column":68}},"16":{"start":{"line":27,"column":2},"end":{"line":46,"column":5}},"17":{"start":{"line":53,"column":17},"end":{"line":53,"column":56}},"18":{"start":{"line":54,"column":2},"end":{"line":56,"column":null}},"19":{"start":{"line":55,"column":3},"end":{"line":55,"column":61}},"20":{"start":{"line":57,"column":2},"end":{"line":57,"column":57}},"21":{"start":{"line":64,"column":22},"end":{"line":64,"column":63}},"22":{"start":{"line":65,"column":2},"end":{"line":67,"column":null}},"23":{"start":{"line":66,"column":3},"end":{"line":66,"column":66}},"24":{"start":{"line":68,"column":14},"end":{"line":68,"column":78}},"25":{"start":{"line":69,"column":2},"end":{"line":69,"column":24}},"26":{"start":{"line":72,"column":19},"end":{"line":72,"column":59}},"27":{"start":{"line":73,"column":2},"end":{"line":73,"column":61}},"28":{"start":{"line":76,"column":2},"end":{"line":93,"column":5}},"29":{"start":{"line":77,"column":3},"end":{"line":92,"column":5}},"30":{"start":{"line":87,"column":5},"end":{"line":89,"column":null}},"31":{"start":{"line":88,"column":6},"end":{"line":88,"column":15}},"32":{"start":{"line":90,"column":5},"end":{"line":90,"column":30}},"33":{"start":{"line":20,"column":13},"end":{"line":95,"column":null}},"34":{"start":{"line":20,"column":13},"end":{"line":20,"column":27}}},"fnMap":{"0":{"name":"(anonymous_11)","decl":{"start":{"line":21,"column":1},"end":{"line":21,"column":null}},"loc":{"start":{"line":24,"column":68},"end":{"line":47,"column":2}}},"1":{"name":"(anonymous_12)","decl":{"start":{"line":48,"column":7},"end":{"line":48,"column":15}},"loc":{"start":{"line":51,"column":20},"end":{"line":58,"column":null}}},"2":{"name":"(anonymous_14)","decl":{"start":{"line":59,"column":7},"end":{"line":59,"column":12}},"loc":{"start":{"line":62,"column":20},"end":{"line":70,"column":null}}},"3":{"name":"(anonymous_16)","decl":{"start":{"line":71,"column":14},"end":{"line":71,"column":18}},"loc":{"start":{"line":71,"column":71},"end":{"line":74,"column":null}}},"4":{"name":"(anonymous_18)","decl":{"start":{"line":75,"column":14},"end":{"line":75,"column":21}},"loc":{"start":{"line":75,"column":51},"end":{"line":94,"column":null}}},"5":{"name":"(anonymous_20)","decl":{"start":{"line":76,"column":29},"end":{"line":76,"column":30}},"loc":{"start":{"line":76,"column":49},"end":{"line":93,"column":3}}},"6":{"name":"(anonymous_21)","decl":{"start":{"line":86,"column":4},"end":{"line":86,"column":5}},"loc":{"start":{"line":86,"column":53},"end":{"line":91,"column":5}}}},"branchMap":{"0":{"loc":{"start":{"line":54,"column":2},"end":{"line":56,"column":null}},"type":"if","locations":[{"start":{"line":54,"column":2},"end":{"line":56,"column":null}}]},"1":{"loc":{"start":{"line":57,"column":24},"end":{"line":57,"column":37}},"type":"cond-expr","locations":[{"start":{"line":57,"column":30},"end":{"line":57,"column":32}},{"start":{"line":57,"column":24},"end":{"line":57,"column":37}}]},"2":{"loc":{"start":{"line":57,"column":24},"end":{"line":57,"column":32}},"type":"binary-expr","locations":[{"start":{"line":57,"column":24},"end":{"line":57,"column":32}},{"start":{"line":57,"column":24},"end":{"line":57,"column":32}}]},"3":{"loc":{"start":{"line":57,"column":43},"end":{"line":57,"column":53}},"type":"cond-expr","locations":[{"start":{"line":57,"column":49},"end":{"line":57,"column":51}},{"start":{"line":57,"column":43},"end":{"line":57,"column":53}}]},"4":{"loc":{"start":{"line":57,"column":43},"end":{"line":57,"column":51}},"type":"binary-expr","locations":[{"start":{"line":57,"column":43},"end":{"line":57,"column":51}},{"start":{"line":57,"column":43},"end":{"line":57,"column":51}}]},"5":{"loc":{"start":{"line":65,"column":2},"end":{"line":67,"column":null}},"type":"if","locations":[{"start":{"line":65,"column":2},"end":{"line":67,"column":null}}]},"6":{"loc":{"start":{"line":73,"column":24},"end":{"line":73,"column":39}},"type":"cond-expr","locations":[{"start":{"line":73,"column":32},"end":{"line":73,"column":34}},{"start":{"line":73,"column":24},"end":{"line":73,"column":39}}]},"7":{"loc":{"start":{"line":73,"column":24},"end":{"line":73,"column":34}},"type":"binary-expr","locations":[{"start":{"line":73,"column":24},"end":{"line":73,"column":34}},{"start":{"line":73,"column":24},"end":{"line":73,"column":34}}]},"8":{"loc":{"start":{"line":73,"column":45},"end":{"line":73,"column":57}},"type":"cond-expr","locations":[{"start":{"line":73,"column":53},"end":{"line":73,"column":55}},{"start":{"line":73,"column":45},"end":{"line":73,"column":57}}]},"9":{"loc":{"start":{"line":73,"column":45},"end":{"line":73,"column":55}},"type":"binary-expr","locations":[{"start":{"line":73,"column":45},"end":{"line":73,"column":55}},{"start":{"line":73,"column":45},"end":{"line":73,"column":55}}]},"10":{"loc":{"start":{"line":87,"column":5},"end":{"line":89,"column":null}},"type":"if","locations":[{"start":{"line":87,"column":5},"end":{"line":89,"column":null}}]}},"s":{"0":1,"1":1,"2":1,"3":1,"4":1,"5":1,"6":1,"7":1,"8":1,"9":1,"10":1,"11":1,"12":1,"13":1,"14":1,"15":1,"16":1,"17":0,"18":0,"19":0,"20":0,"21":3,"22":3,"23":1,"24":2,"25":2,"26":1,"27":1,"28":2,"29":2,"30":2,"31":0,"32":2,"33":1,"34":1},"f":{"0":1,"1":0,"2":3,"3":1,"4":2,"5":2,"6":2},"b":{"0":[0],"1":[0,0],"2":[0,0],"3":[0,0],"4":[0,0],"5":[1],"6":[0,1],"7":[1,1],"8":[0,1],"9":[1,1],"10":[0]}}
,"E:\\Proects\\stireTS\\backEnd\\src\\user\\user.entity.ts": {"path":"E:\\Proects\\stireTS\\backEnd\\src\\user\\user.entity.ts","statementMap":{"0":{"start":{"line":1,"column":0},"end":{"line":1,"column":41}},"1":{"start":{"line":5,"column":19},"end":{"line":5,"column":33}},"2":{"start":{"line":6,"column":19},"end":{"line":6,"column":33}},"3":{"start":{"line":7,"column":10},"end":{"line":7,"column":28}},"4":{"start":{"line":9,"column":2},"end":{"line":11,"column":null}},"5":{"start":{"line":10,"column":3},"end":{"line":10,"column":30}},"6":{"start":{"line":15,"column":2},"end":{"line":15,"column":21}},"7":{"start":{"line":18,"column":2},"end":{"line":18,"column":21}},"8":{"start":{"line":21,"column":2},"end":{"line":21,"column":24}},"9":{"start":{"line":24,"column":2},"end":{"line":24,"column":42}},"10":{"start":{"line":27,"column":2},"end":{"line":27,"column":58}},"11":{"start":{"line":2,"column":0},"end":{"line":2,"column":13}}},"fnMap":{"0":{"name":"(anonymous_7)","decl":{"start":{"line":4,"column":1},"end":{"line":4,"column":null}},"loc":{"start":{"line":7,"column":28},"end":{"line":12,"column":2}}},"1":{"name":"(anonymous_8)","decl":{"start":{"line":14,"column":1},"end":{"line":14,"column":5}},"loc":{"start":{"line":14,"column":10},"end":{"line":16,"column":2}}},"2":{"name":"(anonymous_9)","decl":{"start":{"line":17,"column":1},"end":{"line":17,"column":5}},"loc":{"start":{"line":17,"column":10},"end":{"line":19,"column":2}}},"3":{"name":"(anonymous_10)","decl":{"start":{"line":20,"column":1},"end":{"line":20,"column":5}},"loc":{"start":{"line":20,"column":13},"end":{"line":22,"column":2}}},"4":{"name":"(anonymous_11)","decl":{"start":{"line":23,"column":14},"end":{"line":23,"column":25}},"loc":{"start":{"line":23,"column":52},"end":{"line":25,"column":null}}},"5":{"name":"(anonymous_13)","decl":{"start":{"line":26,"column":14},"end":{"line":26,"column":29}},"loc":{"start":{"line":26,"column":53},"end":{"line":28,"column":null}}}},"branchMap":{"0":{"loc":{"start":{"line":9,"column":2},"end":{"line":11,"column":null}},"type":"if","locations":[{"start":{"line":9,"column":2},"end":{"line":11,"column":null}}]}},"s":{"0":1,"1":2,"2":2,"3":2,"4":2,"5":2,"6":0,"7":0,"8":0,"9":0,"10":2,"11":1},"f":{"0":2,"1":0,"2":0,"3":0,"4":0,"5":2},"b":{"0":[2]}}
,"E:\\Proects\\stireTS\\backEnd\\src\\user\\user.repository.ts": {"path":"E:\\Proects\\stireTS\\backEnd\\src\\user\\user.repository.ts","statementMap":{"0":{"start":{"line":2,"column":0},"end":{"line":2,"column":59}},"1":{"start":{"line":3,"column":0},"end":{"line":3,"column":47}},"2":{"start":{"line":4,"column":0},"end":{"line":4,"column":33}},"3":{"start":{"line":8,"column":7},"end":{"line":28,"column":null}},"4":{"start":{"line":9,"column":50},"end":{"line":9,"column":65}},"5":{"start":{"line":12,"column":2},"end":{"line":18,"column":5}},"6":{"start":{"line":22,"column":2},"end":{"line":26,"column":5}},"7":{"start":{"line":8,"column":13},"end":{"line":28,"column":null}},"8":{"start":{"line":8,"column":13},"end":{"line":8,"column":27}}},"fnMap":{"0":{"name":"(anonymous_11)","decl":{"start":{"line":9,"column":1},"end":{"line":9,"column":14}},"loc":{"start":{"line":9,"column":78},"end":{"line":9,"column":82}}},"1":{"name":"(anonymous_12)","decl":{"start":{"line":11,"column":7},"end":{"line":11,"column":17}},"loc":{"start":{"line":11,"column":50},"end":{"line":19,"column":null}}},"2":{"name":"(anonymous_14)","decl":{"start":{"line":21,"column":7},"end":{"line":21,"column":11}},"loc":{"start":{"line":21,"column":25},"end":{"line":27,"column":null}}}},"branchMap":{},"s":{"0":1,"1":1,"2":1,"3":1,"4":1,"5":0,"6":4,"7":1,"8":1},"f":{"0":1,"1":0,"2":4},"b":{}}
,"E:\\Proects\\stireTS\\backEnd\\src\\user\\user.service.ts": {"path":"E:\\Proects\\stireTS\\backEnd\\src\\user\\user.service.ts","statementMap":{"0":{"start":{"line":3,"column":0},"end":{"line":3,"column":37}},"1":{"start":{"line":5,"column":0},"end":{"line":5,"column":47}},"2":{"start":{"line":6,"column":0},"end":{"line":6,"column":26}},"3":{"start":{"line":8,"column":0},"end":{"line":8,"column":33}},"4":{"start":{"line":13,"column":7},"end":{"line":48,"column":null}},"5":{"start":{"line":15,"column":39},"end":{"line":15,"column":68}},"6":{"start":{"line":16,"column":40},"end":{"line":16,"column":71}},"7":{"start":{"line":20,"column":23},"end":{"line":20,"column":60}},"8":{"start":{"line":21,"column":2},"end":{"line":23,"column":null}},"9":{"start":{"line":22,"column":3},"end":{"line":22,"column":16}},"10":{"start":{"line":24,"column":18},"end":{"line":24,"column":76}},"11":{"start":{"line":25,"column":2},"end":{"line":25,"column":43}},"12":{"start":{"line":32,"column":18},"end":{"line":32,"column":40}},"13":{"start":{"line":33,"column":18},"end":{"line":33,"column":55}},"14":{"start":{"line":34,"column":15},"end":{"line":34,"column":45}},"15":{"start":{"line":35,"column":2},"end":{"line":35,"column":52}},"16":{"start":{"line":36,"column":2},"end":{"line":38,"column":null}},"17":{"start":{"line":37,"column":3},"end":{"line":37,"column":15}},"18":{"start":{"line":39,"column":2},"end":{"line":39,"column":49}},"19":{"start":{"line":42,"column":2},"end":{"line":45,"column":null}},"20":{"start":{"line":43,"column":3},"end":{"line":43,"column":18}},"21":{"start":{"line":44,"column":3},"end":{"line":44,"column":15}},"22":{"start":{"line":46,"column":2},"end":{"line":46,"column":40}},"23":{"start":{"line":13,"column":13},"end":{"line":48,"column":null}},"24":{"start":{"line":13,"column":13},"end":{"line":13,"column":24}}},"fnMap":{"0":{"name":"(anonymous_11)","decl":{"start":{"line":14,"column":1},"end":{"line":14,"column":null}},"loc":{"start":{"line":16,"column":71},"end":{"line":17,"column":5}}},"1":{"name":"(anonymous_12)","decl":{"start":{"line":19,"column":14},"end":{"line":19,"column":26}},"loc":{"start":{"line":19,"column":60},"end":{"line":26,"column":null}}},"2":{"name":"(anonymous_14)","decl":{"start":{"line":27,"column":14},"end":{"line":27,"column":24}},"loc":{"start":{"line":31,"column":19},"end":{"line":40,"column":null}}},"3":{"name":"(anonymous_16)","decl":{"start":{"line":41,"column":14},"end":{"line":41,"column":25}},"loc":{"start":{"line":41,"column":38},"end":{"line":47,"column":null}}}},"branchMap":{"0":{"loc":{"start":{"line":21,"column":2},"end":{"line":23,"column":null}},"type":"if","locations":[{"start":{"line":21,"column":2},"end":{"line":23,"column":null}}]},"1":{"loc":{"start":{"line":36,"column":2},"end":{"line":38,"column":null}},"type":"if","locations":[{"start":{"line":36,"column":2},"end":{"line":38,"column":null}}]},"2":{"loc":{"start":{"line":42,"column":2},"end":{"line":45,"column":null}},"type":"if","locations":[{"start":{"line":42,"column":2},"end":{"line":45,"column":null}}]}},"s":{"0":1,"1":1,"2":1,"3":1,"4":1,"5":1,"6":1,"7":3,"8":3,"9":1,"10":2,"11":2,"12":0,"13":0,"14":0,"15":0,"16":0,"17":0,"18":0,"19":1,"20":0,"21":0,"22":1,"23":1,"24":1},"f":{"0":1,"1":3,"2":0,"3":1},"b":{"0":[1],"1":[0],"2":[0]}}
,"E:\\Proects\\stireTS\\backEnd\\src\\user\\dto\\user-login.dto.ts": {"path":"E:\\Proects\\stireTS\\backEnd\\src\\user\\dto\\user-login.dto.ts","statementMap":{"0":{"start":{"line":1,"column":0},"end":{"line":1,"column":52}},"1":{"start":{"line":4,"column":1},"end":{"line":5,"column":null}},"2":{"start":{"line":6,"column":1},"end":{"line":7,"column":null}},"3":{"start":{"line":3,"column":0},"end":{"line":3,"column":13}}},"fnMap":{},"branchMap":{},"s":{"0":1,"1":1,"2":1,"3":1},"f":{},"b":{}}
,"E:\\Proects\\stireTS\\backEnd\\src\\user\\dto\\user-register.dto.ts": {"path":"E:\\Proects\\stireTS\\backEnd\\src\\user\\dto\\user-register.dto.ts","statementMap":{"0":{"start":{"line":1,"column":0},"end":{"line":1,"column":52}},"1":{"start":{"line":4,"column":1},"end":{"line":5,"column":null}},"2":{"start":{"line":6,"column":1},"end":{"line":7,"column":null}},"3":{"start":{"line":8,"column":1},"end":{"line":9,"column":null}},"4":{"start":{"line":3,"column":0},"end":{"line":3,"column":13}}},"fnMap":{},"branchMap":{},"s":{"0":1,"1":1,"2":1,"3":1,"4":1},"f":{},"b":{}}
}
