TN:
SF:src\app.ts
FN:19,(anonymous_12)
FN:30,(anonymous_13)
FN:33,(anonymous_14)
FN:38,(anonymous_15)
FN:41,(anonymous_16)
FN:49,(anonymous_18)
FNF:6
FNH:5
FNDA:1,(anonymous_12)
FNDA:1,(anonymous_13)
FNDA:1,(anonymous_14)
FNDA:1,(anonymous_15)
FNDA:1,(anonymous_16)
FNDA:0,(anonymous_18)
DA:1,1
DA:5,1
DA:6,1
DA:7,1
DA:8,1
DA:9,1
DA:10,1
DA:13,1
DA:15,1
DA:20,1
DA:21,1
DA:22,1
DA:23,1
DA:24,1
DA:25,1
DA:27,1
DA:28,1
DA:31,1
DA:34,1
DA:35,1
DA:36,1
DA:39,1
DA:42,1
DA:43,1
DA:44,1
DA:45,1
DA:46,1
DA:47,1
DA:50,0
LF:29
LH:28
BRF:0
BRH:0
end_of_record
TN:
SF:src\main.ts
FN:18,(anonymous_7)
FN:29,bootstrap
FNF:2
FNH:2
FNDA:1,(anonymous_7)
FNDA:1,bootstrap
DA:1,1
DA:2,1
DA:3,1
DA:4,1
DA:6,1
DA:9,1
DA:11,1
DA:12,1
DA:14,1
DA:16,1
DA:18,1
DA:19,1
DA:20,1
DA:21,1
DA:22,1
DA:23,1
DA:24,1
DA:25,1
DA:26,1
DA:30,1
DA:31,1
DA:32,1
DA:33,1
DA:34,1
DA:36,1
LF:25
LH:25
BRF:0
BRH:0
end_of_record
TN:
SF:src\types.ts
FNF:0
FNH:0
DA:1,1
LF:1
LH:1
BRF:0
BRH:0
end_of_record
TN:
SF:src\common\Auth.guard.ts
FN:5,(anonymous_0)
FNF:1
FNH:1
FNDA:1,(anonymous_0)
DA:4,1
DA:6,1
DA:7,1
DA:9,0
LF:4
LH:3
BRDA:6,0,0,1
BRF:1
BRH:1
end_of_record
TN:
SF:src\common\auth.middleware.ts
FN:9,(anonymous_0)
FN:10,(anonymous_1)
FNF:2
FNH:2
FNDA:1,(anonymous_0)
FNDA:5,(anonymous_1)
DA:3,1
DA:8,1
DA:9,1
DA:11,5
DA:12,1
DA:13,1
DA:17,1
DA:18,1
DA:20,0
DA:22,4
LF:10
LH:9
BRDA:11,0,0,1
BRDA:11,0,1,4
BRF:2
BRH:2
end_of_record
TN:
SF:src\common\base.controller.ts
FN:9,(anonymous_4)
FN:12,(anonymous_5)
FN:15,(anonymous_6)
FN:19,(anonymous_7)
FN:23,(anonymous_8)
FN:26,(anonymous_9)
FNF:6
FNH:6
FNDA:1,(anonymous_4)
FNDA:4,(anonymous_5)
FNDA:3,(anonymous_6)
FNDA:3,(anonymous_7)
FNDA:1,(anonymous_8)
FNDA:3,(anonymous_9)
DA:1,1
DA:4,1
DA:5,1
DA:7,1
DA:9,1
DA:10,1
DA:13,4
DA:16,3
DA:17,3
DA:20,3
DA:21,3
DA:24,1
DA:25,3
DA:26,3
DA:27,3
DA:28,3
DA:29,3
LF:17
LH:17
BRDA:26,0,0,0
BRDA:26,0,1,3
BRDA:26,1,0,3
BRDA:26,1,1,3
BRDA:28,2,0,3
BRDA:28,2,1,0
BRF:6
BRH:4
end_of_record
TN:
SF:src\common\validate.middleware.ts
FN:6,(anonymous_0)
FN:7,(anonymous_1)
FN:9,(anonymous_2)
FNF:3
FNH:3
FNDA:2,(anonymous_0)
FNDA:4,(anonymous_1)
FNDA:4,(anonymous_2)
DA:1,1
DA:3,1
DA:5,1
DA:6,2
DA:8,4
DA:9,4
DA:10,4
DA:11,1
DA:13,3
LF:9
LH:9
BRDA:10,0,0,1
BRDA:10,0,1,3
BRF:2
BRH:2
end_of_record
TN:
SF:src\config\config.service.ts
FN:8,(anonymous_4)
FN:16,(anonymous_5)
FNF:2
FNH:2
FNDA:1,(anonymous_4)
FNDA:3,(anonymous_5)
DA:1,1
DA:2,1
DA:4,1
DA:6,1
DA:8,1
DA:9,1
DA:10,1
DA:11,0
DA:13,1
DA:17,3
LF:10
LH:9
BRDA:10,0,0,0
BRDA:10,0,1,1
BRF:2
BRH:1
end_of_record
TN:
SF:src\database\prisma.service.ts
FN:8,(anonymous_11)
FN:11,(anonymous_12)
FN:21,(anonymous_14)
FNF:3
FNH:2
FNDA:1,(anonymous_11)
FNDA:1,(anonymous_12)
FNDA:0,(anonymous_14)
DA:2,1
DA:3,1
DA:4,1
DA:6,1
DA:8,1
DA:9,1
DA:12,1
DA:13,1
DA:14,1
DA:16,0
DA:17,0
DA:22,0
LF:12
LH:9
BRDA:16,0,0,0
BRF:1
BRH:0
end_of_record
TN:
SF:src\errors\exeption.filtes.ts
FN:10,(anonymous_4)
FN:11,(anonymous_5)
FNF:2
FNH:2
FNDA:1,(anonymous_4)
FNDA:1,(anonymous_5)
DA:3,1
DA:5,1
DA:6,1
DA:7,1
DA:9,1
DA:10,1
DA:12,1
DA:13,1
DA:14,1
DA:16,0
DA:17,0
LF:11
LH:9
BRDA:12,0,0,1
BRDA:12,0,1,0
BRF:2
BRH:1
end_of_record
TN:
SF:src\errors\http-error.ts
FN:4,(anonymous_0)
FNF:1
FNH:1
FNDA:1,(anonymous_0)
DA:1,1
DA:5,1
DA:6,1
DA:7,1
LF:4
LH:4
BRF:0
BRH:0
end_of_record
TN:
SF:src\logger\Logger.ts
FN:8,(anonymous_2)
FN:16,(anonymous_3)
FN:19,(anonymous_4)
FN:22,(anonymous_5)
FNF:4
FNH:3
FNDA:1,(anonymous_2)
FNDA:5,(anonymous_3)
FNDA:0,(anonymous_4)
FNDA:1,(anonymous_5)
DA:1,1
DA:3,1
DA:4,1
DA:6,1
DA:9,1
DA:17,5
DA:20,0
DA:23,1
LF:8
LH:7
BRF:0
BRH:0
end_of_record
TN:
SF:src\user\user.controller.ts
FN:21,(anonymous_11)
FN:48,(anonymous_12)
FN:59,(anonymous_14)
FN:71,(anonymous_16)
FN:75,(anonymous_18)
FN:76,(anonymous_20)
FN:86,(anonymous_21)
FNF:7
FNH:6
FNDA:1,(anonymous_11)
FNDA:0,(anonymous_12)
FNDA:3,(anonymous_14)
FNDA:1,(anonymous_16)
FNDA:2,(anonymous_18)
FNDA:2,(anonymous_20)
FNDA:2,(anonymous_21)
DA:1,1
DA:4,1
DA:5,1
DA:7,1
DA:8,1
DA:9,1
DA:10,1
DA:11,1
DA:12,1
DA:14,1
DA:17,1
DA:20,1
DA:22,1
DA:23,1
DA:24,1
DA:26,1
DA:27,1
DA:53,0
DA:54,0
DA:55,0
DA:57,0
DA:64,3
DA:65,3
DA:66,1
DA:68,2
DA:69,2
DA:72,1
DA:73,1
DA:76,2
DA:77,2
DA:87,2
DA:88,0
DA:90,2
LF:33
LH:28
BRDA:54,0,0,0
BRDA:57,1,0,0
BRDA:57,1,1,0
BRDA:57,2,0,0
BRDA:57,2,1,0
BRDA:57,3,0,0
BRDA:57,3,1,0
BRDA:57,4,0,0
BRDA:57,4,1,0
BRDA:65,5,0,1
BRDA:73,6,0,0
BRDA:73,6,1,1
BRDA:73,7,0,1
BRDA:73,7,1,1
BRDA:73,8,0,0
BRDA:73,8,1,1
BRDA:73,9,0,1
BRDA:73,9,1,1
BRDA:87,10,0,0
BRF:19
BRH:7
end_of_record
TN:
SF:src\user\user.entity.ts
FN:4,(anonymous_7)
FN:14,(anonymous_8)
FN:17,(anonymous_9)
FN:20,(anonymous_10)
FN:23,(anonymous_11)
FN:26,(anonymous_13)
FNF:6
FNH:2
FNDA:2,(anonymous_7)
FNDA:0,(anonymous_8)
FNDA:0,(anonymous_9)
FNDA:0,(anonymous_10)
FNDA:0,(anonymous_11)
FNDA:2,(anonymous_13)
DA:1,1
DA:2,1
DA:5,2
DA:6,2
DA:7,2
DA:9,2
DA:10,2
DA:15,0
DA:18,0
DA:21,0
DA:24,0
DA:27,2
LF:12
LH:8
BRDA:9,0,0,2
BRF:1
BRH:1
end_of_record
TN:
SF:src\user\user.repository.ts
FN:9,(anonymous_11)
FN:11,(anonymous_12)
FN:21,(anonymous_14)
FNF:3
FNH:2
FNDA:1,(anonymous_11)
FNDA:0,(anonymous_12)
FNDA:4,(anonymous_14)
DA:2,1
DA:3,1
DA:4,1
DA:8,1
DA:9,1
DA:12,0
DA:22,4
LF:7
LH:6
BRF:0
BRH:0
end_of_record
TN:
SF:src\user\user.service.ts
FN:14,(anonymous_11)
FN:19,(anonymous_12)
FN:27,(anonymous_14)
FN:41,(anonymous_16)
FNF:4
FNH:3
FNDA:1,(anonymous_11)
FNDA:3,(anonymous_12)
FNDA:0,(anonymous_14)
FNDA:1,(anonymous_16)
DA:3,1
DA:5,1
DA:6,1
DA:8,1
DA:13,1
DA:15,1
DA:16,1
DA:20,3
DA:21,3
DA:22,1
DA:24,2
DA:25,2
DA:32,0
DA:33,0
DA:34,0
DA:35,0
DA:36,0
DA:37,0
DA:39,0
DA:42,1
DA:43,0
DA:44,0
DA:46,1
LF:23
LH:14
BRDA:21,0,0,1
BRDA:36,1,0,0
BRDA:42,2,0,0
BRF:3
BRH:1
end_of_record
TN:
SF:src\user\dto\user-login.dto.ts
FNF:0
FNH:0
DA:1,1
DA:3,1
DA:4,1
DA:6,1
LF:4
LH:4
BRF:0
BRH:0
end_of_record
TN:
SF:src\user\dto\user-register.dto.ts
FNF:0
FNH:0
DA:1,1
DA:3,1
DA:4,1
DA:6,1
DA:8,1
LF:5
LH:5
BRF:0
BRH:0
end_of_record
